[08/25/2022 13:51:09] Debug: Session id: 791e3a37-b0f1-4733-bc84-a45e180c2941
[08/25/2022 13:51:09] Debug: Code Processor information: Name :SnowConvert, Version: 7.11.104.0
[08/25/2022 13:51:09] Debug: Getting license
[08/25/2022 13:51:09] Debug: License information
	Status: Failed
	Message: No active license available.
[08/25/2022 13:51:09] Info: Starting to validate parameters
[08/25/2022 13:51:09] Info: Parameters to validate: 
	Execution mode: Conversion
	LICENSE_KEY: a3372138-b87e-4a08-b929-3b48b24c63f1
[08/25/2022 13:51:09] Info: Validation of parameters: Success
[08/25/2022 13:51:09] Debug: Getting code descriptor
[08/25/2022 13:51:09] Debug: Code descriptor information
	Units: 51
	Units type: LOC
	All file bytes: 2141
	All found extensions: .sql,.dml,.ddl,.bteq,.btq,.fl,.fload,.ml,.mload,.mld,.tp,.tpump,.tpt
[08/25/2022 13:51:09] Debug: Calculating fingerprint
[08/25/2022 13:51:09] Debug: Fingerprint information Fingerprint(size=2141,projects=1)
[08/25/2022 13:51:09] Info: Starting to try to validate online license for execution
[08/25/2022 13:51:24] Debug: Getting license
[08/25/2022 13:51:24] Debug: License information
	Status: Failed
	Message: No active license available.
[08/25/2022 13:51:24] Debug: Starting the execution of the controller
[08/25/2022 13:51:31] Debug: Executing the worker: SnowConvert
[08/25/2022 13:51:43] Debug: Finished executing the worker: SnowConvert
[08/25/2022 13:51:45] Info: Controller execution ended
